# JRE version: OpenJDK Runtime Environment (8.0_152-b01) (build 1.8.0_152-release-1343-b01)
# Java VM: OpenJDK 64-Bit Server VM (25.152-b01 mixed mode windows-amd64 compressed oops)
Heap:
 PSYoungGen      total 203264K, used 36980K [0x00000000e0000000, 0x00000000edd80000, 0x0000000100000000)
  eden space 183808K, 10% used [0x00000000e0000000,0x00000000e1333fb0,0x00000000eb380000)
  from space 19456K, 89% used [0x00000000eb780000,0x00000000ec8693b8,0x00000000eca80000)
  to   space 14336K, 0% used [0x00000000ecf80000,0x00000000ecf80000,0x00000000edd80000)
 ParOldGen       total 130048K, used 35995K [0x00000000a0000000, 0x00000000a7f00000, 0x00000000e0000000)
  object space 130048K, 27% used [0x00000000a0000000,0x00000000a2326de8,0x00000000a7f00000)
 Metaspace       used 71523K, capacity 74982K, committed 75284K, reserved 1114112K
  class space    used 9591K, capacity 10220K, committed 10300K, reserved 1048576K
GC Heap History (10 events):
Event: 5.112 GC heap before
{Heap before GC invocations=12 (full 2):
 PSYoungGen      total 124928K, used 113664K [0x00000000e0000000, 0x00000000eb580000, 0x0000000100000000)
  eden space 113664K, 100% used [0x00000000e0000000,0x00000000e6f00000,0x00000000e6f00000)
  from space 11264K, 0% used [0x00000000e6f00000,0x00000000e6f00000,0x00000000e7a00000)
  to   space 11776K, 0% used [0x00000000eaa00000,0x00000000eaa00000,0x00000000eb580000)
 ParOldGen       total 82944K, used 17136K [0x00000000a0000000, 0x00000000a5100000, 0x00000000e0000000)
  object space 82944K, 20% used [0x00000000a0000000,0x00000000a10bc2e8,0x00000000a5100000)
 Metaspace       used 45184K, capacity 46130K, committed 46552K, reserved 1089536K
  class space    used 6093K, capacity 6356K, committed 6400K, reserved 1048576K
Event: 5.124 GC heap after
Heap after GC invocations=12 (full 2):
 PSYoungGen      total 161280K, used 11766K [0x00000000e0000000, 0x00000000eb580000, 0x0000000100000000)
  eden space 149504K, 0% used [0x00000000e0000000,0x00000000e0000000,0x00000000e9200000)
  from space 11776K, 99% used [0x00000000eaa00000,0x00000000eb57d970,0x00000000eb580000)
  to   space 14336K, 0% used [0x00000000e9980000,0x00000000e9980000,0x00000000ea780000)
 ParOldGen       total 82944K, used 20153K [0x00000000a0000000, 0x00000000a5100000, 0x00000000e0000000)
  object space 82944K, 24% used [0x00000000a0000000,0x00000000a13ae4c8,0x00000000a5100000)
 Metaspace       used 45184K, capacity 46130K, committed 46552K, reserved 1089536K
  class space    used 6093K, capacity 6356K, committed 6400K, reserved 1048576K
}
Event: 6.486 GC heap before
{Heap before GC invocations=13 (full 2):
 PSYoungGen      total 161280K, used 158788K [0x00000000e0000000, 0x00000000eb580000, 0x0000000100000000)
  eden space 149504K, 98% used [0x00000000e0000000,0x00000000e8f939d8,0x00000000e9200000)
  from space 11776K, 99% used [0x00000000eaa00000,0x00000000eb57d970,0x00000000eb580000)
  to   space 14336K, 0% used [0x00000000e9980000,0x00000000e9980000,0x00000000ea780000)
 ParOldGen       total 82944K, used 20153K [0x00000000a0000000, 0x00000000a5100000, 0x00000000e0000000)
  object space 82944K, 24% used [0x00000000a0000000,0x00000000a13ae4c8,0x00000000a5100000)
 Metaspace       used 57471K, capacity 58952K, committed 59028K, reserved 1099776K
  class space    used 7766K, capacity 8095K, committed 8124K, reserved 1048576K
Event: 6.501 GC heap after
Heap after GC invocations=13 (full 2):
 PSYoungGen      total 171520K, used 14323K [0x00000000e0000000, 0x00000000ee200000, 0x0000000100000000)
  eden space 157184K, 0% used [0x00000000e0000000,0x00000000e0000000,0x00000000e9980000)
  from space 14336K, 99% used [0x00000000e9980000,0x00000000ea77cdb0,0x00000000ea780000)
  to   space 18944K, 0% used [0x00000000ecf80000,0x00000000ecf80000,0x00000000ee200000)
 ParOldGen       total 82944K, used 27923K [0x00000000a0000000, 0x00000000a5100000, 0x00000000e0000000)
  object space 82944K, 33% used [0x00000000a0000000,0x00000000a1b44c38,0x00000000a5100000)
 Metaspace       used 57471K, capacity 58952K, committed 59028K, reserved 1099776K
  class space    used 7766K, capacity 8095K, committed 8124K, reserved 1048576K
}
Event: 6.501 GC heap before
{Heap before GC invocations=14 (full 3):
 PSYoungGen      total 171520K, used 14323K [0x00000000e0000000, 0x00000000ee200000, 0x0000000100000000)
  eden space 157184K, 0% used [0x00000000e0000000,0x00000000e0000000,0x00000000e9980000)
  from space 14336K, 99% used [0x00000000e9980000,0x00000000ea77cdb0,0x00000000ea780000)
  to   space 18944K, 0% used [0x00000000ecf80000,0x00000000ecf80000,0x00000000ee200000)
 ParOldGen       total 82944K, used 27923K [0x00000000a0000000, 0x00000000a5100000, 0x00000000e0000000)
  object space 82944K, 33% used [0x00000000a0000000,0x00000000a1b44c38,0x00000000a5100000)
 Metaspace       used 57471K, capacity 58952K, committed 59028K, reserved 1099776K
  class space    used 7766K, capacity 8095K, committed 8124K, reserved 1048576K
Event: 6.732 GC heap after
Heap after GC invocations=14 (full 3):
 PSYoungGen      total 171520K, used 0K [0x00000000e0000000, 0x00000000ee200000, 0x0000000100000000)
  eden space 157184K, 0% used [0x00000000e0000000,0x00000000e0000000,0x00000000e9980000)
  from space 14336K, 0% used [0x00000000e9980000,0x00000000e9980000,0x00000000ea780000)
  to   space 18944K, 0% used [0x00000000ecf80000,0x00000000ecf80000,0x00000000ee200000)
 ParOldGen       total 130048K, used 35979K [0x00000000a0000000, 0x00000000a7f00000, 0x00000000e0000000)
  object space 130048K, 27% used [0x00000000a0000000,0x00000000a2322de8,0x00000000a7f00000)
 Metaspace       used 57471K, capacity 58952K, committed 59028K, reserved 1099776K
  class space    used 7766K, capacity 8095K, committed 8124K, reserved 1048576K
}
Event: 9.818 GC heap before
{Heap before GC invocations=15 (full 3):
 PSYoungGen      total 171520K, used 157184K [0x00000000e0000000, 0x00000000ee200000, 0x0000000100000000)
  eden space 157184K, 100% used [0x00000000e0000000,0x00000000e9980000,0x00000000e9980000)
  from space 14336K, 0% used [0x00000000e9980000,0x00000000e9980000,0x00000000ea780000)
  to   space 18944K, 0% used [0x00000000ecf80000,0x00000000ecf80000,0x00000000ee200000)
 ParOldGen       total 130048K, used 35979K [0x00000000a0000000, 0x00000000a7f00000, 0x00000000e0000000)
  object space 130048K, 27% used [0x00000000a0000000,0x00000000a2322de8,0x00000000a7f00000)
 Metaspace       used 62784K, capacity 64890K, committed 64916K, reserved 1105920K
  class space    used 8455K, capacity 8884K, committed 8892K, reserved 1048576K
Event: 9.847 GC heap after
Heap after GC invocations=15 (full 3):
 PSYoungGen      total 198144K, used 13938K [0x00000000e0000000, 0x00000000edd80000, 0x0000000100000000)
  eden space 183808K, 0% used [0x00000000e0000000,0x00000000e0000000,0x00000000eb380000)
  from space 14336K, 97% used [0x00000000ecf80000,0x00000000edd1cb98,0x00000000edd80000)
  to   space 19456K, 0% used [0x00000000eb780000,0x00000000eb780000,0x00000000eca80000)
 ParOldGen       total 130048K, used 35987K [0x00000000a0000000, 0x00000000a7f00000, 0x00000000e0000000)
  object space 130048K, 27% used [0x00000000a0000000,0x00000000a2324de8,0x00000000a7f00000)
 Metaspace       used 62784K, capacity 64890K, committed 64916K, reserved 1105920K
  class space    used 8455K, capacity 8884K, committed 8892K, reserved 1048576K
}
Event: 11.656 GC heap before
{Heap before GC invocations=16 (full 3):
 PSYoungGen      total 198144K, used 197746K [0x00000000e0000000, 0x00000000edd80000, 0x0000000100000000)
  eden space 183808K, 100% used [0x00000000e0000000,0x00000000eb380000,0x00000000eb380000)
  from space 14336K, 97% used [0x00000000ecf80000,0x00000000edd1cb98,0x00000000edd80000)
  to   space 19456K, 0% used [0x00000000eb780000,0x00000000eb780000,0x00000000eca80000)
 ParOldGen       total 130048K, used 35987K [0x00000000a0000000, 0x00000000a7f00000, 0x00000000e0000000)
  object space 130048K, 27% used [0x00000000a0000000,0x00000000a2324de8,0x00000000a7f00000)
 Metaspace       used 71485K, capacity 74978K, committed 75284K, reserved 1114112K
  class space    used 9591K, capacity 10220K, committed 10300K, reserved 1048576K
Event: 11.680 GC heap after
Heap after GC invocations=16 (full 3):
 PSYoungGen      total 203264K, used 17316K [0x00000000e0000000, 0x00000000edd80000, 0x0000000100000000)
  eden space 183808K, 0% used [0x00000000e0000000,0x00000000e0000000,0x00000000eb380000)
  from space 19456K, 89% used [0x00000000eb780000,0x00000000ec8693b8,0x00000000eca80000)
  to   space 14336K, 0% used [0x00000000ecf80000,0x00000000ecf80000,0x00000000edd80000)
 ParOldGen       total 130048K, used 35995K [0x00000000a0000000, 0x00000000a7f00000, 0x00000000e0000000)
  object space 130048K, 27% used [0x00000000a0000000,0x00000000a2326de8,0x00000000a7f00000)
 Metaspace       used 71485K, capacity 74978K, committed 75284K, reserved 1114112K
  class space    used 9591K, capacity 10220K, committed 10300K, reserved 1048576K
}

