# JRE version: OpenJDK Runtime Environment (8.0_152-b01) (build 1.8.0_152-release-1343-b01)
# Java VM: OpenJDK 64-Bit Server VM (25.152-b01 mixed mode windows-amd64 compressed oops)
Heap:
 PSYoungGen      total 276480K, used 222535K [0x00000000e0000000, 0x00000000f2b00000, 0x0000000100000000)
  eden space 248832K, 83% used [0x00000000e0000000,0x00000000eca55c98,0x00000000ef300000)
  from space 27648K, 55% used [0x00000000f1000000,0x00000000f1efbfb0,0x00000000f2b00000)
  to   space 28672K, 0% used [0x00000000ef300000,0x00000000ef300000,0x00000000f0f00000)
 ParOldGen       total 128000K, used 70089K [0x00000000a0000000, 0x00000000a7d00000, 0x00000000e0000000)
  object space 128000K, 54% used [0x00000000a0000000,0x00000000a44724e0,0x00000000a7d00000)
 Metaspace       used 95585K, capacity 99678K, committed 100632K, reserved 1136640K
  class space    used 12091K, capacity 12840K, committed 13096K, reserved 1048576K
GC Heap History (10 events):
Event: 267.611 GC heap before
{Heap before GC invocations=22 (full 3):
 PSYoungGen      total 276480K, used 124910K [0x00000000e0000000, 0x00000000f2b00000, 0x0000000100000000)
  eden space 248832K, 42% used [0x00000000e0000000,0x00000000e6690418,0x00000000ef300000)
  from space 27648K, 71% used [0x00000000f1000000,0x00000000f236b630,0x00000000f2b00000)
  to   space 28672K, 0% used [0x00000000ef300000,0x00000000ef300000,0x00000000f0f00000)
 ParOldGen       total 128000K, used 63053K [0x00000000a0000000, 0x00000000a7d00000, 0x00000000e0000000)
  object space 128000K, 49% used [0x00000000a0000000,0x00000000a3d937d0,0x00000000a7d00000)
 Metaspace       used 93939K, capacity 98526K, committed 98600K, reserved 1134592K
  class space    used 12098K, capacity 12942K, committed 12968K, reserved 1048576K
Event: 267.631 GC heap after
Heap after GC invocations=22 (full 3):
 PSYoungGen      total 277504K, used 25654K [0x00000000e0000000, 0x00000000f2b00000, 0x0000000100000000)
  eden space 248832K, 0% used [0x00000000e0000000,0x00000000e0000000,0x00000000ef300000)
  from space 28672K, 89% used [0x00000000ef300000,0x00000000f0c0d980,0x00000000f0f00000)
  to   space 27648K, 0% used [0x00000000f1000000,0x00000000f1000000,0x00000000f2b00000)
 ParOldGen       total 128000K, used 63061K [0x00000000a0000000, 0x00000000a7d00000, 0x00000000e0000000)
  object space 128000K, 49% used [0x00000000a0000000,0x00000000a3d957d0,0x00000000a7d00000)
 Metaspace       used 93939K, capacity 98526K, committed 98600K, reserved 1134592K
  class space    used 12098K, capacity 12942K, committed 12968K, reserved 1048576K
}
Event: 267.632 GC heap before
{Heap before GC invocations=23 (full 4):
 PSYoungGen      total 277504K, used 25654K [0x00000000e0000000, 0x00000000f2b00000, 0x0000000100000000)
  eden space 248832K, 0% used [0x00000000e0000000,0x00000000e0000000,0x00000000ef300000)
  from space 28672K, 89% used [0x00000000ef300000,0x00000000f0c0d980,0x00000000f0f00000)
  to   space 27648K, 0% used [0x00000000f1000000,0x00000000f1000000,0x00000000f2b00000)
 ParOldGen       total 128000K, used 63061K [0x00000000a0000000, 0x00000000a7d00000, 0x00000000e0000000)
  object space 128000K, 49% used [0x00000000a0000000,0x00000000a3d957d0,0x00000000a7d00000)
 Metaspace       used 93939K, capacity 98526K, committed 98600K, reserved 1134592K
  class space    used 12098K, capacity 12942K, committed 12968K, reserved 1048576K
Event: 267.920 GC heap after
Heap after GC invocations=23 (full 4):
 PSYoungGen      total 277504K, used 0K [0x00000000e0000000, 0x00000000f2b00000, 0x0000000100000000)
  eden space 248832K, 0% used [0x00000000e0000000,0x00000000e0000000,0x00000000ef300000)
  from space 28672K, 0% used [0x00000000ef300000,0x00000000ef300000,0x00000000f0f00000)
  to   space 27648K, 0% used [0x00000000f1000000,0x00000000f1000000,0x00000000f2b00000)
 ParOldGen       total 128000K, used 69768K [0x00000000a0000000, 0x00000000a7d00000, 0x00000000e0000000)
  object space 128000K, 54% used [0x00000000a0000000,0x00000000a44220e8,0x00000000a7d00000)
 Metaspace       used 93089K, capacity 96766K, committed 98600K, reserved 1134592K
  class space    used 11878K, capacity 12590K, committed 12968K, reserved 1048576K
}
Event: 268.746 GC heap before
{Heap before GC invocations=24 (full 4):
 PSYoungGen      total 277504K, used 248832K [0x00000000e0000000, 0x00000000f2b00000, 0x0000000100000000)
  eden space 248832K, 100% used [0x00000000e0000000,0x00000000ef300000,0x00000000ef300000)
  from space 28672K, 0% used [0x00000000ef300000,0x00000000ef300000,0x00000000f0f00000)
  to   space 27648K, 0% used [0x00000000f1000000,0x00000000f1000000,0x00000000f2b00000)
 ParOldGen       total 128000K, used 69772K [0x00000000a0000000, 0x00000000a7d00000, 0x00000000e0000000)
  object space 128000K, 54% used [0x00000000a0000000,0x00000000a44231a0,0x00000000a7d00000)
 Metaspace       used 94611K, capacity 98540K, committed 99608K, reserved 1136640K
  class space    used 12067K, capacity 12801K, committed 13096K, reserved 1048576K
Event: 268.777 GC heap after
Heap after GC invocations=24 (full 4):
 PSYoungGen      total 276480K, used 7366K [0x00000000e0000000, 0x00000000f2b00000, 0x0000000100000000)
  eden space 248832K, 0% used [0x00000000e0000000,0x00000000e0000000,0x00000000ef300000)
  from space 27648K, 26% used [0x00000000f1000000,0x00000000f1731a08,0x00000000f2b00000)
  to   space 28672K, 0% used [0x00000000ef300000,0x00000000ef300000,0x00000000f0f00000)
 ParOldGen       total 128000K, used 69772K [0x00000000a0000000, 0x00000000a7d00000, 0x00000000e0000000)
  object space 128000K, 54% used [0x00000000a0000000,0x00000000a44231a0,0x00000000a7d00000)
 Metaspace       used 94611K, capacity 98540K, committed 99608K, reserved 1136640K
  class space    used 12067K, capacity 12801K, committed 13096K, reserved 1048576K
}
Event: 269.350 GC heap before
{Heap before GC invocations=25 (full 4):
 PSYoungGen      total 276480K, used 256198K [0x00000000e0000000, 0x00000000f2b00000, 0x0000000100000000)
  eden space 248832K, 100% used [0x00000000e0000000,0x00000000ef300000,0x00000000ef300000)
  from space 27648K, 26% used [0x00000000f1000000,0x00000000f1731a08,0x00000000f2b00000)
  to   space 28672K, 0% used [0x00000000ef300000,0x00000000ef300000,0x00000000f0f00000)
 ParOldGen       total 128000K, used 69772K [0x00000000a0000000, 0x00000000a7d00000, 0x00000000e0000000)
  object space 128000K, 54% used [0x00000000a0000000,0x00000000a44231a0,0x00000000a7d00000)
 Metaspace       used 95057K, capacity 99048K, committed 100120K, reserved 1136640K
  class space    used 12072K, capacity 12803K, committed 13096K, reserved 1048576K
Event: 269.367 GC heap after
Heap after GC invocations=25 (full 4):
 PSYoungGen      total 277504K, used 14606K [0x00000000e0000000, 0x00000000f2b00000, 0x0000000100000000)
  eden space 248832K, 0% used [0x00000000e0000000,0x00000000e0000000,0x00000000ef300000)
  from space 28672K, 50% used [0x00000000ef300000,0x00000000f0143b88,0x00000000f0f00000)
  to   space 27648K, 0% used [0x00000000f1000000,0x00000000f1000000,0x00000000f2b00000)
 ParOldGen       total 128000K, used 69780K [0x00000000a0000000, 0x00000000a7d00000, 0x00000000e0000000)
  object space 128000K, 54% used [0x00000000a0000000,0x00000000a44251a0,0x00000000a7d00000)
 Metaspace       used 95057K, capacity 99048K, committed 100120K, reserved 1136640K
  class space    used 12072K, capacity 12803K, committed 13096K, reserved 1048576K
}
Event: 270.039 GC heap before
{Heap before GC invocations=26 (full 4):
 PSYoungGen      total 277504K, used 263438K [0x00000000e0000000, 0x00000000f2b00000, 0x0000000100000000)
  eden space 248832K, 100% used [0x00000000e0000000,0x00000000ef300000,0x00000000ef300000)
  from space 28672K, 50% used [0x00000000ef300000,0x00000000f0143b88,0x00000000f0f00000)
  to   space 27648K, 0% used [0x00000000f1000000,0x00000000f1000000,0x00000000f2b00000)
 ParOldGen       total 128000K, used 70081K [0x00000000a0000000, 0x00000000a7d00000, 0x00000000e0000000)
  object space 128000K, 54% used [0x00000000a0000000,0x00000000a44704e0,0x00000000a7d00000)
 Metaspace       used 95478K, capacity 99520K, committed 100376K, reserved 1136640K
  class space    used 12089K, capacity 12837K, committed 13096K, reserved 1048576K
Event: 270.053 GC heap after
Heap after GC invocations=26 (full 4):
 PSYoungGen      total 276480K, used 15343K [0x00000000e0000000, 0x00000000f2b00000, 0x0000000100000000)
  eden space 248832K, 0% used [0x00000000e0000000,0x00000000e0000000,0x00000000ef300000)
  from space 27648K, 55% used [0x00000000f1000000,0x00000000f1efbfb0,0x00000000f2b00000)
  to   space 28672K, 0% used [0x00000000ef300000,0x00000000ef300000,0x00000000f0f00000)
 ParOldGen       total 128000K, used 70089K [0x00000000a0000000, 0x00000000a7d00000, 0x00000000e0000000)
  object space 128000K, 54% used [0x00000000a0000000,0x00000000a44724e0,0x00000000a7d00000)
 Metaspace       used 95478K, capacity 99520K, committed 100376K, reserved 1136640K
  class space    used 12089K, capacity 12837K, committed 13096K, reserved 1048576K
}

